<?xml version="1.0" encoding="UTF-8"?>
<robot generator="Robot 6.0.1 (Python 3.11.0 on linux)" generated="20221213 08:29:43.233" rpa="false" schemaversion="3">
<suite id="s1" name="Amazon Tests" source="/home/joaofmds/Projetos/RobotFramework/WebTesting/amazon_tests.robot">
<test id="s1-t1" name="Caso de Teste 01 - Acesso ao menu &quot;Eletrônicos&quot;" line="9">
<kw name="Abrir o navegador" library="amazon_resources" type="SETUP">
<kw name="Open Browser" library="SeleniumLibrary">
<arg>browser=chrome</arg>
<doc>Opens a new browser instance to the optional ``url``.</doc>
<msg timestamp="20221213 08:29:43.408" level="INFO">Opening browser 'chrome' to base url 'None'.</msg>
<status status="PASS" starttime="20221213 08:29:43.408" endtime="20221213 08:29:44.343"/>
</kw>
<status status="PASS" starttime="20221213 08:29:43.408" endtime="20221213 08:29:44.343"/>
</kw>
<kw name="Acessar a home page do site Amazon.com.br" library="amazon_resources">
<kw name="Go To" library="SeleniumLibrary">
<arg>url=${URL}</arg>
<doc>Navigates the current browser window to the provided ``url``.</doc>
<msg timestamp="20221213 08:29:44.348" level="INFO">Opening url 'https://www.amazon.com.br/'</msg>
<status status="PASS" starttime="20221213 08:29:44.346" endtime="20221213 08:29:46.490"/>
</kw>
<status status="PASS" starttime="20221213 08:29:44.343" endtime="20221213 08:29:46.490"/>
</kw>
<kw name="Fechar o navegador" library="amazon_resources" type="TEARDOWN">
<kw name="Close Browser" library="SeleniumLibrary">
<doc>Closes the current browser.</doc>
<status status="PASS" starttime="20221213 08:29:46.491" endtime="20221213 08:29:46.562"/>
</kw>
<status status="PASS" starttime="20221213 08:29:46.491" endtime="20221213 08:29:46.562"/>
</kw>
<doc>Esse teste verifica o menu Eletrônicos do site da Amazon.com.br
e verifica a categoria Computadores e Informática</doc>
<tag>categorias</tag>
<tag>menus</tag>
<status status="PASS" starttime="20221213 08:29:43.407" endtime="20221213 08:29:46.562"/>
</test>
<doc>Essa suíte testa o site da Amazon.com.br</doc>
<status status="PASS" starttime="20221213 08:29:43.234" endtime="20221213 08:29:46.562"/>
</suite>
<statistics>
<total>
<stat pass="1" fail="0" skip="0">All Tests</stat>
</total>
<tag>
<stat pass="1" fail="0" skip="0">categorias</stat>
<stat pass="1" fail="0" skip="0">menus</stat>
</tag>
<suite>
<stat pass="1" fail="0" skip="0" id="s1" name="Amazon Tests">Amazon Tests</stat>
</suite>
</statistics>
<errors>
</errors>
</robot>
